2021/05/20 14:06:19 INFO  [background-preinit] - HV000001: Hibernate Validator 6.1.7.Final
2021/05/20 14:06:19 INFO  [main] - Starting Application using Java 11.0.11 on FNDM55.local with PID 79985 (/Users/y-dejima/Documents/java-framework/src/examples/ch3_1/build/classes/java/main started by y-dejima in /Users/y-dejima/Documents/java-framework/src/examples/ch3_1)
2021/05/20 14:06:19 INFO  [main] - No active profile set, falling back to default profiles: default
2021/05/20 14:06:21 INFO  [main] - Tomcat initialized with port(s): 8080 (http)
2021/05/20 14:06:21 INFO  [main] - Initializing ProtocolHandler ["http-nio-8080"]
2021/05/20 14:06:21 INFO  [main] - Starting service [Tomcat]
2021/05/20 14:06:21 INFO  [main] - Starting Servlet engine: [Apache Tomcat/9.0.44]
2021/05/20 14:06:21 INFO  [main] - Initializing Spring embedded WebApplicationContext
2021/05/20 14:06:21 INFO  [main] - Root WebApplicationContext: initialization completed in 2298 ms
2021/05/20 14:06:22 INFO  [main] - Initializing ExecutorService 'applicationTaskExecutor'
2021/05/20 14:06:22 INFO  [main] - HikariPool-1 - Starting...
2021/05/20 14:06:24 INFO  [main] - HikariPool-1 - Start completed.
2021/05/20 14:06:25 INFO  [main] - Starting ProtocolHandler ["http-nio-8080"]
2021/05/20 14:06:25 INFO  [main] - Tomcat started on port(s): 8080 (http) with context path ''
2021/05/20 14:06:25 INFO  [main] - Started Application in 7.51 seconds (JVM running for 8.773)
2021/05/20 14:06:28 INFO  [http-nio-8080-exec-1] - Initializing Spring DispatcherServlet 'dispatcherServlet'
2021/05/20 14:06:28 INFO  [http-nio-8080-exec-1] - Initializing Servlet 'dispatcherServlet'
2021/05/20 14:06:28 INFO  [http-nio-8080-exec-1] - Completed initialization in 2 ms
2021/05/20 14:33:49 INFO  [SpringContextShutdownHook] - Shutting down ExecutorService 'applicationTaskExecutor'
2021/05/20 14:33:49 INFO  [SpringContextShutdownHook] - HikariPool-1 - Shutdown initiated...
2021/05/20 14:33:49 INFO  [SpringContextShutdownHook] - HikariPool-1 - Shutdown completed.
2021/05/20 14:33:58 INFO  [background-preinit] - HV000001: Hibernate Validator 6.1.7.Final
2021/05/20 14:33:58 INFO  [main] - Starting Application using Java 11.0.11 on FNDM55.local with PID 80223 (/Users/y-dejima/Documents/java-framework/src/examples/ch3_1/build/classes/java/main started by y-dejima in /Users/y-dejima/Documents/java-framework/src/examples/ch3_1)
2021/05/20 14:33:58 INFO  [main] - No active profile set, falling back to default profiles: default
2021/05/20 14:34:00 INFO  [main] - Tomcat initialized with port(s): 8080 (http)
2021/05/20 14:34:00 INFO  [main] - Initializing ProtocolHandler ["http-nio-8080"]
2021/05/20 14:34:00 INFO  [main] - Starting service [Tomcat]
2021/05/20 14:34:00 INFO  [main] - Starting Servlet engine: [Apache Tomcat/9.0.44]
2021/05/20 14:34:00 INFO  [main] - Initializing Spring embedded WebApplicationContext
2021/05/20 14:34:00 INFO  [main] - Root WebApplicationContext: initialization completed in 2143 ms
2021/05/20 14:34:01 INFO  [main] - Initializing ExecutorService 'applicationTaskExecutor'
2021/05/20 14:34:01 INFO  [main] - HikariPool-1 - Starting...
2021/05/20 14:34:02 INFO  [main] - HikariPool-1 - Start completed.
2021/05/20 14:34:02 INFO  [main] - Starting ProtocolHandler ["http-nio-8080"]
2021/05/20 14:34:02 INFO  [main] - Tomcat started on port(s): 8080 (http) with context path ''
2021/05/20 14:34:02 INFO  [main] - Started Application in 5.119 seconds (JVM running for 6.181)
2021/05/20 14:34:07 INFO  [http-nio-8080-exec-1] - Initializing Spring DispatcherServlet 'dispatcherServlet'
2021/05/20 14:34:07 INFO  [http-nio-8080-exec-1] - Initializing Servlet 'dispatcherServlet'
2021/05/20 14:34:07 INFO  [http-nio-8080-exec-1] - Completed initialization in 1 ms
2021/05/20 14:59:26 INFO  [background-preinit] - HV000001: Hibernate Validator 6.1.7.Final
2021/05/20 14:59:26 INFO  [Test worker] - Starting UserControllerTest using Java 11.0.11 on FNDM55.local with PID 80512 (started by y-dejima in /Users/y-dejima/Documents/java-framework/src/examples/ch3_1)
2021/05/20 14:59:26 INFO  [Test worker] - No active profile set, falling back to default profiles: default
2021/05/20 14:59:29 INFO  [Test worker] - Initializing ExecutorService 'applicationTaskExecutor'
2021/05/20 14:59:29 INFO  [Test worker] - HikariPool-1 - Starting...
2021/05/20 14:59:30 INFO  [Test worker] - HikariPool-1 - Start completed.
2021/05/20 14:59:30 INFO  [Test worker] - Started UserControllerTest in 5.635 seconds (JVM running for 7.949)
2021/05/20 14:59:31 INFO  [Test worker] - Initializing Spring TestDispatcherServlet ''
2021/05/20 14:59:31 INFO  [Test worker] - Initializing Servlet ''
2021/05/20 14:59:31 INFO  [Test worker] - Completed initialization in 2 ms
2021/05/20 14:59:31 INFO  [SpringContextShutdownHook] - Shutting down ExecutorService 'applicationTaskExecutor'
2021/05/20 14:59:31 INFO  [SpringContextShutdownHook] - HikariPool-1 - Shutdown initiated...
2021/05/20 14:59:32 INFO  [SpringContextShutdownHook] - HikariPool-1 - Shutdown completed.
2021/05/20 15:01:00 INFO  [Test worker] - Starting UserControllerTest using Java 11.0.11 on FNDM55.local with PID 80522 (started by y-dejima in /Users/y-dejima/Documents/java-framework/src/examples/ch3_1)
2021/05/20 15:01:00 INFO  [Test worker] - No active profile set, falling back to default profiles: default
2021/05/20 15:01:00 INFO  [background-preinit] - HV000001: Hibernate Validator 6.1.7.Final
2021/05/20 15:01:04 INFO  [Test worker] - Initializing ExecutorService 'applicationTaskExecutor'
2021/05/20 15:01:04 INFO  [Test worker] - HikariPool-1 - Starting...
2021/05/20 15:01:05 INFO  [Test worker] - HikariPool-1 - Start completed.
2021/05/20 15:01:05 INFO  [Test worker] - Started UserControllerTest in 5.951 seconds (JVM running for 8.102)
2021/05/20 15:01:07 INFO  [Test worker] - Initializing Spring TestDispatcherServlet ''
2021/05/20 15:01:07 INFO  [Test worker] - Initializing Servlet ''
2021/05/20 15:01:07 INFO  [Test worker] - Completed initialization in 1 ms
2021/05/20 15:01:07 INFO  [SpringContextShutdownHook] - Shutting down ExecutorService 'applicationTaskExecutor'
2021/05/20 15:01:07 INFO  [SpringContextShutdownHook] - HikariPool-1 - Shutdown initiated...
2021/05/20 15:01:07 INFO  [SpringContextShutdownHook] - HikariPool-1 - Shutdown completed.
2021/05/20 15:06:02 INFO  [Test worker] - Starting UserControllerTest using Java 11.0.11 on FNDM55.local with PID 80596 (started by y-dejima in /Users/y-dejima/Documents/java-framework/src/examples/ch3_1)
2021/05/20 15:06:02 INFO  [Test worker] - No active profile set, falling back to default profiles: default
2021/05/20 15:06:02 INFO  [background-preinit] - HV000001: Hibernate Validator 6.1.7.Final
2021/05/20 15:06:05 INFO  [Test worker] - Initializing ExecutorService 'applicationTaskExecutor'
2021/05/20 15:06:06 INFO  [Test worker] - HikariPool-1 - Starting...
2021/05/20 15:06:06 INFO  [Test worker] - HikariPool-1 - Start completed.
2021/05/20 15:06:07 INFO  [Test worker] - Started UserControllerTest in 5.755 seconds (JVM running for 7.977)
2021/05/20 15:06:08 INFO  [Test worker] - Initializing Spring TestDispatcherServlet ''
2021/05/20 15:06:08 INFO  [Test worker] - Initializing Servlet ''
2021/05/20 15:06:08 INFO  [Test worker] - Completed initialization in 1 ms
2021/05/20 15:06:08 INFO  [SpringContextShutdownHook] - Shutting down ExecutorService 'applicationTaskExecutor'
2021/05/20 15:06:08 INFO  [SpringContextShutdownHook] - HikariPool-1 - Shutdown initiated...
2021/05/20 15:06:08 INFO  [SpringContextShutdownHook] - HikariPool-1 - Shutdown completed.
2021/05/20 15:09:09 INFO  [Test worker] - Starting UserControllerTest using Java 11.0.11 on FNDM55.local with PID 80628 (started by y-dejima in /Users/y-dejima/Documents/java-framework/src/examples/ch3_1)
2021/05/20 15:09:09 INFO  [Test worker] - No active profile set, falling back to default profiles: default
2021/05/20 15:09:09 INFO  [background-preinit] - HV000001: Hibernate Validator 6.1.7.Final
2021/05/20 15:09:12 INFO  [Test worker] - Initializing ExecutorService 'applicationTaskExecutor'
2021/05/20 15:09:12 INFO  [Test worker] - HikariPool-1 - Starting...
2021/05/20 15:09:13 INFO  [Test worker] - HikariPool-1 - Start completed.
2021/05/20 15:09:13 INFO  [Test worker] - Started UserControllerTest in 5.532 seconds (JVM running for 7.915)
2021/05/20 15:09:14 INFO  [Test worker] - Initializing Spring TestDispatcherServlet ''
2021/05/20 15:09:14 INFO  [Test worker] - Initializing Servlet ''
2021/05/20 15:09:14 INFO  [Test worker] - Completed initialization in 0 ms
2021/05/20 15:09:15 INFO  [SpringContextShutdownHook] - Shutting down ExecutorService 'applicationTaskExecutor'
2021/05/20 15:09:15 INFO  [SpringContextShutdownHook] - HikariPool-1 - Shutdown initiated...
2021/05/20 15:09:15 INFO  [SpringContextShutdownHook] - HikariPool-1 - Shutdown completed.
2021/05/20 15:31:47 INFO  [Test worker] - Starting UserControllerTest using Java 11.0.11 on FNDM55.local with PID 80754 (started by y-dejima in /Users/y-dejima/Documents/java-framework/src/examples/ch3_1)
2021/05/20 15:31:47 INFO  [Test worker] - No active profile set, falling back to default profiles: default
2021/05/20 15:31:47 INFO  [background-preinit] - HV000001: Hibernate Validator 6.1.7.Final
2021/05/20 15:31:50 INFO  [Test worker] - Initializing ExecutorService 'applicationTaskExecutor'
2021/05/20 15:31:50 INFO  [Test worker] - HikariPool-1 - Starting...
2021/05/20 15:31:51 INFO  [Test worker] - HikariPool-1 - Start completed.
2021/05/20 15:31:51 INFO  [Test worker] - Started UserControllerTest in 6.082 seconds (JVM running for 8.466)
2021/05/20 15:31:52 INFO  [Test worker] - Initializing Spring TestDispatcherServlet ''
2021/05/20 15:31:52 INFO  [Test worker] - Initializing Servlet ''
2021/05/20 15:31:52 INFO  [Test worker] - Completed initialization in 0 ms
2021/05/20 15:31:53 INFO  [SpringContextShutdownHook] - Shutting down ExecutorService 'applicationTaskExecutor'
2021/05/20 15:31:53 INFO  [SpringContextShutdownHook] - HikariPool-1 - Shutdown initiated...
2021/05/20 15:31:53 INFO  [SpringContextShutdownHook] - HikariPool-1 - Shutdown completed.
2021/05/20 15:33:50 INFO  [background-preinit] - HV000001: Hibernate Validator 6.1.7.Final
2021/05/20 15:33:50 INFO  [Test worker] - Starting UserControllerTest using Java 11.0.11 on FNDM55.local with PID 80769 (started by y-dejima in /Users/y-dejima/Documents/java-framework/src/examples/ch3_1)
2021/05/20 15:33:50 INFO  [Test worker] - No active profile set, falling back to default profiles: default
2021/05/20 15:33:53 INFO  [Test worker] - Initializing ExecutorService 'applicationTaskExecutor'
2021/05/20 15:33:54 INFO  [Test worker] - HikariPool-1 - Starting...
2021/05/20 15:33:54 INFO  [Test worker] - HikariPool-1 - Start completed.
2021/05/20 15:33:54 INFO  [Test worker] - Started UserControllerTest in 6.089 seconds (JVM running for 8.53)
2021/05/20 15:33:56 INFO  [Test worker] - Initializing Spring TestDispatcherServlet ''
2021/05/20 15:33:56 INFO  [Test worker] - Initializing Servlet ''
2021/05/20 15:33:56 INFO  [Test worker] - Completed initialization in 1 ms
2021/05/20 15:33:56 INFO  [SpringContextShutdownHook] - Shutting down ExecutorService 'applicationTaskExecutor'
2021/05/20 15:33:56 INFO  [SpringContextShutdownHook] - HikariPool-1 - Shutdown initiated...
2021/05/20 15:33:56 INFO  [SpringContextShutdownHook] - HikariPool-1 - Shutdown completed.
2021/05/20 15:34:12 INFO  [Test worker] - Starting UserControllerTest using Java 11.0.11 on FNDM55.local with PID 80777 (started by y-dejima in /Users/y-dejima/Documents/java-framework/src/examples/ch3_1)
2021/05/20 15:34:12 INFO  [Test worker] - No active profile set, falling back to default profiles: default
2021/05/20 15:34:12 INFO  [background-preinit] - HV000001: Hibernate Validator 6.1.7.Final
2021/05/20 15:34:15 INFO  [Test worker] - Initializing ExecutorService 'applicationTaskExecutor'
2021/05/20 15:34:16 INFO  [Test worker] - HikariPool-1 - Starting...
2021/05/20 15:34:16 INFO  [Test worker] - HikariPool-1 - Start completed.
2021/05/20 15:34:17 INFO  [Test worker] - Started UserControllerTest in 4.943 seconds (JVM running for 6.939)
2021/05/20 15:34:18 INFO  [Test worker] - Initializing Spring TestDispatcherServlet ''
2021/05/20 15:34:18 INFO  [Test worker] - Initializing Servlet ''
2021/05/20 15:34:18 INFO  [Test worker] - Completed initialization in 0 ms
2021/05/20 15:34:18 INFO  [SpringContextShutdownHook] - Shutting down ExecutorService 'applicationTaskExecutor'
2021/05/20 15:34:18 INFO  [SpringContextShutdownHook] - HikariPool-1 - Shutdown initiated...
2021/05/20 15:34:18 INFO  [SpringContextShutdownHook] - HikariPool-1 - Shutdown completed.
2021/05/20 15:39:53 INFO  [Test worker] - Starting UserControllerTest using Java 11.0.11 on FNDM55.local with PID 80836 (started by y-dejima in /Users/y-dejima/Documents/java-framework/src/examples/ch3_1)
2021/05/20 15:39:53 INFO  [Test worker] - No active profile set, falling back to default profiles: default
2021/05/20 15:39:53 INFO  [background-preinit] - HV000001: Hibernate Validator 6.1.7.Final
2021/05/20 15:39:56 INFO  [Test worker] - Initializing ExecutorService 'applicationTaskExecutor'
2021/05/20 15:39:57 INFO  [Test worker] - HikariPool-1 - Starting...
2021/05/20 15:39:57 INFO  [Test worker] - HikariPool-1 - Start completed.
2021/05/20 15:39:57 INFO  [Test worker] - Started UserControllerTest in 5.369 seconds (JVM running for 7.509)
2021/05/20 15:39:59 INFO  [Test worker] - Initializing Spring TestDispatcherServlet ''
2021/05/20 15:39:59 INFO  [Test worker] - Initializing Servlet ''
2021/05/20 15:39:59 INFO  [Test worker] - Completed initialization in 0 ms
2021/05/20 15:39:59 INFO  [SpringContextShutdownHook] - Shutting down ExecutorService 'applicationTaskExecutor'
2021/05/20 15:39:59 INFO  [SpringContextShutdownHook] - HikariPool-1 - Shutdown initiated...
2021/05/20 15:39:59 INFO  [SpringContextShutdownHook] - HikariPool-1 - Shutdown completed.
2021/05/20 15:42:34 INFO  [Test worker] - Starting UserControllerTest using Java 11.0.11 on FNDM55.local with PID 80874 (started by y-dejima in /Users/y-dejima/Documents/java-framework/src/examples/ch3_1)
2021/05/20 15:42:34 INFO  [Test worker] - No active profile set, falling back to default profiles: default
2021/05/20 15:42:34 INFO  [background-preinit] - HV000001: Hibernate Validator 6.1.7.Final
2021/05/20 15:42:36 WARN  [Test worker] - Exception encountered during context initialization - cancelling refresh attempt: org.springframework.beans.factory.BeanCreationException: Error creating bean with name 'userController' defined in file [/Users/y-dejima/Documents/java-framework/src/examples/ch3_1/build/classes/java/main/jp/co/froide/javaframework/controller/UserController.class]: Instantiation of bean failed; nested exception is org.springframework.beans.BeanInstantiationException: Failed to instantiate [jp.co.froide.javaframework.controller.UserController]: Constructor threw exception; nested exception is java.lang.NullPointerException
2021/05/20 15:42:36 INFO  [Test worker] - 

Error starting ApplicationContext. To display the conditions report re-run your application with 'debug' enabled.
2021/05/20 15:42:36 ERROR [Test worker] - Application run failed
org.springframework.beans.factory.BeanCreationException: Error creating bean with name 'userController' defined in file [/Users/y-dejima/Documents/java-framework/src/examples/ch3_1/build/classes/java/main/jp/co/froide/javaframework/controller/UserController.class]: Instantiation of bean failed; nested exception is org.springframework.beans.BeanInstantiationException: Failed to instantiate [jp.co.froide.javaframework.controller.UserController]: Constructor threw exception; nested exception is java.lang.NullPointerException
	at org.springframework.beans.factory.support.AbstractAutowireCapableBeanFactory.instantiateBean(AbstractAutowireCapableBeanFactory.java:1316)
	at org.springframework.beans.factory.support.AbstractAutowireCapableBeanFactory.createBeanInstance(AbstractAutowireCapableBeanFactory.java:1214)
	at org.springframework.beans.factory.support.AbstractAutowireCapableBeanFactory.doCreateBean(AbstractAutowireCapableBeanFactory.java:564)
	at org.springframework.beans.factory.support.AbstractAutowireCapableBeanFactory.createBean(AbstractAutowireCapableBeanFactory.java:524)
	at org.springframework.beans.factory.support.AbstractBeanFactory.lambda$doGetBean$0(AbstractBeanFactory.java:335)
	at org.springframework.beans.factory.support.DefaultSingletonBeanRegistry.getSingleton(DefaultSingletonBeanRegistry.java:234)
	at org.springframework.beans.factory.support.AbstractBeanFactory.doGetBean(AbstractBeanFactory.java:333)
	at org.springframework.beans.factory.support.AbstractBeanFactory.getBean(AbstractBeanFactory.java:208)
	at org.springframework.beans.factory.support.DefaultListableBeanFactory.preInstantiateSingletons(DefaultListableBeanFactory.java:944)
	at org.springframework.context.support.AbstractApplicationContext.finishBeanFactoryInitialization(AbstractApplicationContext.java:918)
	at org.springframework.context.support.AbstractApplicationContext.refresh(AbstractApplicationContext.java:583)
	at org.springframework.boot.SpringApplication.refresh(SpringApplication.java:769)
	at org.springframework.boot.SpringApplication.refresh(SpringApplication.java:761)
	at org.springframework.boot.SpringApplication.refreshContext(SpringApplication.java:426)
	at org.springframework.boot.SpringApplication.run(SpringApplication.java:326)
	at org.springframework.boot.test.context.SpringBootContextLoader.loadContext(SpringBootContextLoader.java:123)
	at org.springframework.test.context.cache.DefaultCacheAwareContextLoaderDelegate.loadContextInternal(DefaultCacheAwareContextLoaderDelegate.java:99)
	at org.springframework.test.context.cache.DefaultCacheAwareContextLoaderDelegate.loadContext(DefaultCacheAwareContextLoaderDelegate.java:124)
	at org.springframework.test.context.support.DefaultTestContext.getApplicationContext(DefaultTestContext.java:124)
	at org.springframework.test.context.web.ServletTestExecutionListener.setUpRequestContextIfNecessary(ServletTestExecutionListener.java:190)
	at org.springframework.test.context.web.ServletTestExecutionListener.prepareTestInstance(ServletTestExecutionListener.java:132)
	at org.springframework.test.context.TestContextManager.prepareTestInstance(TestContextManager.java:244)
	at org.springframework.test.context.junit.jupiter.SpringExtension.postProcessTestInstance(SpringExtension.java:138)
	at org.junit.jupiter.engine.descriptor.ClassTestDescriptor.lambda$invokeTestInstancePostProcessors$5(ClassTestDescriptor.java:349)
	at org.junit.jupiter.engine.descriptor.JupiterTestDescriptor.executeAndMaskThrowable(JupiterTestDescriptor.java:215)
	at org.junit.jupiter.engine.descriptor.ClassTestDescriptor.lambda$invokeTestInstancePostProcessors$6(ClassTestDescriptor.java:349)
	at java.base/java.util.stream.ReferencePipeline$3$1.accept(ReferencePipeline.java:195)
	at java.base/java.util.stream.ReferencePipeline$2$1.accept(ReferencePipeline.java:177)
	at java.base/java.util.ArrayList$ArrayListSpliterator.forEachRemaining(ArrayList.java:1655)
	at java.base/java.util.stream.AbstractPipeline.copyInto(AbstractPipeline.java:484)
	at java.base/java.util.stream.AbstractPipeline.wrapAndCopyInto(AbstractPipeline.java:474)
	at java.base/java.util.stream.StreamSpliterators$WrappingSpliterator.forEachRemaining(StreamSpliterators.java:312)
	at java.base/java.util.stream.Streams$ConcatSpliterator.forEachRemaining(Streams.java:735)
	at java.base/java.util.stream.Streams$ConcatSpliterator.forEachRemaining(Streams.java:734)
	at java.base/java.util.stream.ReferencePipeline$Head.forEach(ReferencePipeline.java:658)
	at org.junit.jupiter.engine.descriptor.ClassTestDescriptor.invokeTestInstancePostProcessors(ClassTestDescriptor.java:348)
	at org.junit.jupiter.engine.descriptor.ClassTestDescriptor.instantiateAndPostProcessTestInstance(ClassTestDescriptor.java:270)
	at org.junit.jupiter.engine.descriptor.ClassTestDescriptor.lambda$testInstanceProvider$2(ClassTestDescriptor.java:259)
	at org.junit.jupiter.engine.descriptor.ClassTestDescriptor.lambda$testInstanceProvider$3(ClassTestDescriptor.java:263)
	at java.base/java.util.Optional.orElseGet(Optional.java:369)
	at org.junit.jupiter.engine.descriptor.ClassTestDescriptor.lambda$testInstanceProvider$4(ClassTestDescriptor.java:262)
	at org.junit.jupiter.engine.descriptor.TestMethodTestDescriptor.prepare(TestMethodTestDescriptor.java:82)
	at org.junit.jupiter.engine.descriptor.TestMethodTestDescriptor.prepare(TestMethodTestDescriptor.java:59)
	at org.junit.platform.engine.support.hierarchical.NodeTestTask.lambda$prepare$1(NodeTestTask.java:111)
	at org.junit.platform.engine.support.hierarchical.ThrowableCollector.execute(ThrowableCollector.java:73)
	at org.junit.platform.engine.support.hierarchical.NodeTestTask.prepare(NodeTestTask.java:111)
	at org.junit.platform.engine.support.hierarchical.NodeTestTask.execute(NodeTestTask.java:79)
	at java.base/java.util.ArrayList.forEach(ArrayList.java:1541)
	at org.junit.platform.engine.support.hierarchical.SameThreadHierarchicalTestExecutorService.invokeAll(SameThreadHierarchicalTestExecutorService.java:38)
	at org.junit.platform.engine.support.hierarchical.NodeTestTask.lambda$executeRecursively$5(NodeTestTask.java:143)
	at org.junit.platform.engine.support.hierarchical.ThrowableCollector.execute(ThrowableCollector.java:73)
	at org.junit.platform.engine.support.hierarchical.NodeTestTask.lambda$executeRecursively$7(NodeTestTask.java:129)
	at org.junit.platform.engine.support.hierarchical.Node.around(Node.java:137)
	at org.junit.platform.engine.support.hierarchical.NodeTestTask.lambda$executeRecursively$8(NodeTestTask.java:127)
	at org.junit.platform.engine.support.hierarchical.ThrowableCollector.execute(ThrowableCollector.java:73)
	at org.junit.platform.engine.support.hierarchical.NodeTestTask.executeRecursively(NodeTestTask.java:126)
	at org.junit.platform.engine.support.hierarchical.NodeTestTask.execute(NodeTestTask.java:84)
	at java.base/java.util.ArrayList.forEach(ArrayList.java:1541)
	at org.junit.platform.engine.support.hierarchical.SameThreadHierarchicalTestExecutorService.invokeAll(SameThreadHierarchicalTestExecutorService.java:38)
	at org.junit.platform.engine.support.hierarchical.NodeTestTask.lambda$executeRecursively$5(NodeTestTask.java:143)
	at org.junit.platform.engine.support.hierarchical.ThrowableCollector.execute(ThrowableCollector.java:73)
	at org.junit.platform.engine.support.hierarchical.NodeTestTask.lambda$executeRecursively$7(NodeTestTask.java:129)
	at org.junit.platform.engine.support.hierarchical.Node.around(Node.java:137)
	at org.junit.platform.engine.support.hierarchical.NodeTestTask.lambda$executeRecursively$8(NodeTestTask.java:127)
	at org.junit.platform.engine.support.hierarchical.ThrowableCollector.execute(ThrowableCollector.java:73)
	at org.junit.platform.engine.support.hierarchical.NodeTestTask.executeRecursively(NodeTestTask.java:126)
	at org.junit.platform.engine.support.hierarchical.NodeTestTask.execute(NodeTestTask.java:84)
	at org.junit.platform.engine.support.hierarchical.SameThreadHierarchicalTestExecutorService.submit(SameThreadHierarchicalTestExecutorService.java:32)
	at org.junit.platform.engine.support.hierarchical.HierarchicalTestExecutor.execute(HierarchicalTestExecutor.java:57)
	at org.junit.platform.engine.support.hierarchical.HierarchicalTestEngine.execute(HierarchicalTestEngine.java:51)
	at org.junit.platform.launcher.core.EngineExecutionOrchestrator.execute(EngineExecutionOrchestrator.java:108)
	at org.junit.platform.launcher.core.EngineExecutionOrchestrator.execute(EngineExecutionOrchestrator.java:88)
	at org.junit.platform.launcher.core.EngineExecutionOrchestrator.lambda$execute$0(EngineExecutionOrchestrator.java:54)
	at org.junit.platform.launcher.core.EngineExecutionOrchestrator.withInterceptedStreams(EngineExecutionOrchestrator.java:67)
	at org.junit.platform.launcher.core.EngineExecutionOrchestrator.execute(EngineExecutionOrchestrator.java:52)
	at org.junit.platform.launcher.core.DefaultLauncher.execute(DefaultLauncher.java:96)
	at org.junit.platform.launcher.core.DefaultLauncher.execute(DefaultLauncher.java:75)
	at org.gradle.api.internal.tasks.testing.junitplatform.JUnitPlatformTestClassProcessor$CollectAllTestClassesExecutor.processAllTestClasses(JUnitPlatformTestClassProcessor.java:99)
	at org.gradle.api.internal.tasks.testing.junitplatform.JUnitPlatformTestClassProcessor$CollectAllTestClassesExecutor.access$000(JUnitPlatformTestClassProcessor.java:79)
	at org.gradle.api.internal.tasks.testing.junitplatform.JUnitPlatformTestClassProcessor.stop(JUnitPlatformTestClassProcessor.java:75)
	at org.gradle.api.internal.tasks.testing.SuiteTestClassProcessor.stop(SuiteTestClassProcessor.java:61)
	at java.base/jdk.internal.reflect.NativeMethodAccessorImpl.invoke0(Native Method)
	at java.base/jdk.internal.reflect.NativeMethodAccessorImpl.invoke(NativeMethodAccessorImpl.java:62)
	at java.base/jdk.internal.reflect.DelegatingMethodAccessorImpl.invoke(DelegatingMethodAccessorImpl.java:43)
	at java.base/java.lang.reflect.Method.invoke(Method.java:566)
	at org.gradle.internal.dispatch.ReflectionDispatch.dispatch(ReflectionDispatch.java:36)
	at org.gradle.internal.dispatch.ReflectionDispatch.dispatch(ReflectionDispatch.java:24)
	at org.gradle.internal.dispatch.ContextClassLoaderDispatch.dispatch(ContextClassLoaderDispatch.java:33)
	at org.gradle.internal.dispatch.ProxyDispatchAdapter$DispatchingInvocationHandler.invoke(ProxyDispatchAdapter.java:94)
	at com.sun.proxy.$Proxy2.stop(Unknown Source)
	at org.gradle.api.internal.tasks.testing.worker.TestWorker.stop(TestWorker.java:133)
	at java.base/jdk.internal.reflect.NativeMethodAccessorImpl.invoke0(Native Method)
	at java.base/jdk.internal.reflect.NativeMethodAccessorImpl.invoke(NativeMethodAccessorImpl.java:62)
	at java.base/jdk.internal.reflect.DelegatingMethodAccessorImpl.invoke(DelegatingMethodAccessorImpl.java:43)
	at java.base/java.lang.reflect.Method.invoke(Method.java:566)
	at org.gradle.internal.dispatch.ReflectionDispatch.dispatch(ReflectionDispatch.java:36)
	at org.gradle.internal.dispatch.ReflectionDispatch.dispatch(ReflectionDispatch.java:24)
	at org.gradle.internal.remote.internal.hub.MessageHubBackedObjectConnection$DispatchWrapper.dispatch(MessageHubBackedObjectConnection.java:182)
	at org.gradle.internal.remote.internal.hub.MessageHubBackedObjectConnection$DispatchWrapper.dispatch(MessageHubBackedObjectConnection.java:164)
	at org.gradle.internal.remote.internal.hub.MessageHub$Handler.run(MessageHub.java:414)
	at org.gradle.internal.concurrent.ExecutorPolicy$CatchAndRecordFailures.onExecute(ExecutorPolicy.java:64)
	at org.gradle.internal.concurrent.ManagedExecutorImpl$1.run(ManagedExecutorImpl.java:48)
	at java.base/java.util.concurrent.ThreadPoolExecutor.runWorker(ThreadPoolExecutor.java:1128)
	at java.base/java.util.concurrent.ThreadPoolExecutor$Worker.run(ThreadPoolExecutor.java:628)
	at org.gradle.internal.concurrent.ThreadFactoryImpl$ManagedThreadRunnable.run(ThreadFactoryImpl.java:56)
	at java.base/java.lang.Thread.run(Thread.java:829)
Caused by: org.springframework.beans.BeanInstantiationException: Failed to instantiate [jp.co.froide.javaframework.controller.UserController]: Constructor threw exception; nested exception is java.lang.NullPointerException
	at org.springframework.beans.BeanUtils.instantiateClass(BeanUtils.java:225)
	at org.springframework.beans.factory.support.SimpleInstantiationStrategy.instantiate(SimpleInstantiationStrategy.java:87)
	at org.springframework.beans.factory.support.AbstractAutowireCapableBeanFactory.instantiateBean(AbstractAutowireCapableBeanFactory.java:1308)
	... 105 common frames omitted
Caused by: java.lang.NullPointerException: null
	at jp.co.froide.javaframework.controller.UserController.<init>(UserController.java:18)
	at java.base/jdk.internal.reflect.NativeConstructorAccessorImpl.newInstance0(Native Method)
	at java.base/jdk.internal.reflect.NativeConstructorAccessorImpl.newInstance(NativeConstructorAccessorImpl.java:62)
	at java.base/jdk.internal.reflect.DelegatingConstructorAccessorImpl.newInstance(DelegatingConstructorAccessorImpl.java:45)
	at java.base/java.lang.reflect.Constructor.newInstance(Constructor.java:490)
	at org.springframework.beans.BeanUtils.instantiateClass(BeanUtils.java:212)
	... 107 common frames omitted
2021/05/20 15:42:36 ERROR [Test worker] - Caught exception while allowing TestExecutionListener [org.springframework.test.context.web.ServletTestExecutionListener@4c016c09] to prepare test instance [jp.co.froide.javaframework.controller.UserControllerTest@34b8b785]
java.lang.IllegalStateException: Failed to load ApplicationContext
	at org.springframework.test.context.cache.DefaultCacheAwareContextLoaderDelegate.loadContext(DefaultCacheAwareContextLoaderDelegate.java:132)
	at org.springframework.test.context.support.DefaultTestContext.getApplicationContext(DefaultTestContext.java:124)
	at org.springframework.test.context.web.ServletTestExecutionListener.setUpRequestContextIfNecessary(ServletTestExecutionListener.java:190)
	at org.springframework.test.context.web.ServletTestExecutionListener.prepareTestInstance(ServletTestExecutionListener.java:132)
	at org.springframework.test.context.TestContextManager.prepareTestInstance(TestContextManager.java:244)
	at org.springframework.test.context.junit.jupiter.SpringExtension.postProcessTestInstance(SpringExtension.java:138)
	at org.junit.jupiter.engine.descriptor.ClassTestDescriptor.lambda$invokeTestInstancePostProcessors$5(ClassTestDescriptor.java:349)
	at org.junit.jupiter.engine.descriptor.JupiterTestDescriptor.executeAndMaskThrowable(JupiterTestDescriptor.java:215)
	at org.junit.jupiter.engine.descriptor.ClassTestDescriptor.lambda$invokeTestInstancePostProcessors$6(ClassTestDescriptor.java:349)
	at java.base/java.util.stream.ReferencePipeline$3$1.accept(ReferencePipeline.java:195)
	at java.base/java.util.stream.ReferencePipeline$2$1.accept(ReferencePipeline.java:177)
	at java.base/java.util.ArrayList$ArrayListSpliterator.forEachRemaining(ArrayList.java:1655)
	at java.base/java.util.stream.AbstractPipeline.copyInto(AbstractPipeline.java:484)
	at java.base/java.util.stream.AbstractPipeline.wrapAndCopyInto(AbstractPipeline.java:474)
	at java.base/java.util.stream.StreamSpliterators$WrappingSpliterator.forEachRemaining(StreamSpliterators.java:312)
	at java.base/java.util.stream.Streams$ConcatSpliterator.forEachRemaining(Streams.java:735)
	at java.base/java.util.stream.Streams$ConcatSpliterator.forEachRemaining(Streams.java:734)
	at java.base/java.util.stream.ReferencePipeline$Head.forEach(ReferencePipeline.java:658)
	at org.junit.jupiter.engine.descriptor.ClassTestDescriptor.invokeTestInstancePostProcessors(ClassTestDescriptor.java:348)
	at org.junit.jupiter.engine.descriptor.ClassTestDescriptor.instantiateAndPostProcessTestInstance(ClassTestDescriptor.java:270)
	at org.junit.jupiter.engine.descriptor.ClassTestDescriptor.lambda$testInstanceProvider$2(ClassTestDescriptor.java:259)
	at org.junit.jupiter.engine.descriptor.ClassTestDescriptor.lambda$testInstanceProvider$3(ClassTestDescriptor.java:263)
	at java.base/java.util.Optional.orElseGet(Optional.java:369)
	at org.junit.jupiter.engine.descriptor.ClassTestDescriptor.lambda$testInstanceProvider$4(ClassTestDescriptor.java:262)
	at org.junit.jupiter.engine.descriptor.TestMethodTestDescriptor.prepare(TestMethodTestDescriptor.java:82)
	at org.junit.jupiter.engine.descriptor.TestMethodTestDescriptor.prepare(TestMethodTestDescriptor.java:59)
	at org.junit.platform.engine.support.hierarchical.NodeTestTask.lambda$prepare$1(NodeTestTask.java:111)
	at org.junit.platform.engine.support.hierarchical.ThrowableCollector.execute(ThrowableCollector.java:73)
	at org.junit.platform.engine.support.hierarchical.NodeTestTask.prepare(NodeTestTask.java:111)
	at org.junit.platform.engine.support.hierarchical.NodeTestTask.execute(NodeTestTask.java:79)
	at java.base/java.util.ArrayList.forEach(ArrayList.java:1541)
	at org.junit.platform.engine.support.hierarchical.SameThreadHierarchicalTestExecutorService.invokeAll(SameThreadHierarchicalTestExecutorService.java:38)
	at org.junit.platform.engine.support.hierarchical.NodeTestTask.lambda$executeRecursively$5(NodeTestTask.java:143)
	at org.junit.platform.engine.support.hierarchical.ThrowableCollector.execute(ThrowableCollector.java:73)
	at org.junit.platform.engine.support.hierarchical.NodeTestTask.lambda$executeRecursively$7(NodeTestTask.java:129)
	at org.junit.platform.engine.support.hierarchical.Node.around(Node.java:137)
	at org.junit.platform.engine.support.hierarchical.NodeTestTask.lambda$executeRecursively$8(NodeTestTask.java:127)
	at org.junit.platform.engine.support.hierarchical.ThrowableCollector.execute(ThrowableCollector.java:73)
	at org.junit.platform.engine.support.hierarchical.NodeTestTask.executeRecursively(NodeTestTask.java:126)
	at org.junit.platform.engine.support.hierarchical.NodeTestTask.execute(NodeTestTask.java:84)
	at java.base/java.util.ArrayList.forEach(ArrayList.java:1541)
	at org.junit.platform.engine.support.hierarchical.SameThreadHierarchicalTestExecutorService.invokeAll(SameThreadHierarchicalTestExecutorService.java:38)
	at org.junit.platform.engine.support.hierarchical.NodeTestTask.lambda$executeRecursively$5(NodeTestTask.java:143)
	at org.junit.platform.engine.support.hierarchical.ThrowableCollector.execute(ThrowableCollector.java:73)
	at org.junit.platform.engine.support.hierarchical.NodeTestTask.lambda$executeRecursively$7(NodeTestTask.java:129)
	at org.junit.platform.engine.support.hierarchical.Node.around(Node.java:137)
	at org.junit.platform.engine.support.hierarchical.NodeTestTask.lambda$executeRecursively$8(NodeTestTask.java:127)
	at org.junit.platform.engine.support.hierarchical.ThrowableCollector.execute(ThrowableCollector.java:73)
	at org.junit.platform.engine.support.hierarchical.NodeTestTask.executeRecursively(NodeTestTask.java:126)
	at org.junit.platform.engine.support.hierarchical.NodeTestTask.execute(NodeTestTask.java:84)
	at org.junit.platform.engine.support.hierarchical.SameThreadHierarchicalTestExecutorService.submit(SameThreadHierarchicalTestExecutorService.java:32)
	at org.junit.platform.engine.support.hierarchical.HierarchicalTestExecutor.execute(HierarchicalTestExecutor.java:57)
	at org.junit.platform.engine.support.hierarchical.HierarchicalTestEngine.execute(HierarchicalTestEngine.java:51)
	at org.junit.platform.launcher.core.EngineExecutionOrchestrator.execute(EngineExecutionOrchestrator.java:108)
	at org.junit.platform.launcher.core.EngineExecutionOrchestrator.execute(EngineExecutionOrchestrator.java:88)
	at org.junit.platform.launcher.core.EngineExecutionOrchestrator.lambda$execute$0(EngineExecutionOrchestrator.java:54)
	at org.junit.platform.launcher.core.EngineExecutionOrchestrator.withInterceptedStreams(EngineExecutionOrchestrator.java:67)
	at org.junit.platform.launcher.core.EngineExecutionOrchestrator.execute(EngineExecutionOrchestrator.java:52)
	at org.junit.platform.launcher.core.DefaultLauncher.execute(DefaultLauncher.java:96)
	at org.junit.platform.launcher.core.DefaultLauncher.execute(DefaultLauncher.java:75)
	at org.gradle.api.internal.tasks.testing.junitplatform.JUnitPlatformTestClassProcessor$CollectAllTestClassesExecutor.processAllTestClasses(JUnitPlatformTestClassProcessor.java:99)
	at org.gradle.api.internal.tasks.testing.junitplatform.JUnitPlatformTestClassProcessor$CollectAllTestClassesExecutor.access$000(JUnitPlatformTestClassProcessor.java:79)
	at org.gradle.api.internal.tasks.testing.junitplatform.JUnitPlatformTestClassProcessor.stop(JUnitPlatformTestClassProcessor.java:75)
	at org.gradle.api.internal.tasks.testing.SuiteTestClassProcessor.stop(SuiteTestClassProcessor.java:61)
	at java.base/jdk.internal.reflect.NativeMethodAccessorImpl.invoke0(Native Method)
	at java.base/jdk.internal.reflect.NativeMethodAccessorImpl.invoke(NativeMethodAccessorImpl.java:62)
	at java.base/jdk.internal.reflect.DelegatingMethodAccessorImpl.invoke(DelegatingMethodAccessorImpl.java:43)
	at java.base/java.lang.reflect.Method.invoke(Method.java:566)
	at org.gradle.internal.dispatch.ReflectionDispatch.dispatch(ReflectionDispatch.java:36)
	at org.gradle.internal.dispatch.ReflectionDispatch.dispatch(ReflectionDispatch.java:24)
	at org.gradle.internal.dispatch.ContextClassLoaderDispatch.dispatch(ContextClassLoaderDispatch.java:33)
	at org.gradle.internal.dispatch.ProxyDispatchAdapter$DispatchingInvocationHandler.invoke(ProxyDispatchAdapter.java:94)
	at com.sun.proxy.$Proxy2.stop(Unknown Source)
	at org.gradle.api.internal.tasks.testing.worker.TestWorker.stop(TestWorker.java:133)
	at java.base/jdk.internal.reflect.NativeMethodAccessorImpl.invoke0(Native Method)
	at java.base/jdk.internal.reflect.NativeMethodAccessorImpl.invoke(NativeMethodAccessorImpl.java:62)
	at java.base/jdk.internal.reflect.DelegatingMethodAccessorImpl.invoke(DelegatingMethodAccessorImpl.java:43)
	at java.base/java.lang.reflect.Method.invoke(Method.java:566)
	at org.gradle.internal.dispatch.ReflectionDispatch.dispatch(ReflectionDispatch.java:36)
	at org.gradle.internal.dispatch.ReflectionDispatch.dispatch(ReflectionDispatch.java:24)
	at org.gradle.internal.remote.internal.hub.MessageHubBackedObjectConnection$DispatchWrapper.dispatch(MessageHubBackedObjectConnection.java:182)
	at org.gradle.internal.remote.internal.hub.MessageHubBackedObjectConnection$DispatchWrapper.dispatch(MessageHubBackedObjectConnection.java:164)
	at org.gradle.internal.remote.internal.hub.MessageHub$Handler.run(MessageHub.java:414)
	at org.gradle.internal.concurrent.ExecutorPolicy$CatchAndRecordFailures.onExecute(ExecutorPolicy.java:64)
	at org.gradle.internal.concurrent.ManagedExecutorImpl$1.run(ManagedExecutorImpl.java:48)
	at java.base/java.util.concurrent.ThreadPoolExecutor.runWorker(ThreadPoolExecutor.java:1128)
	at java.base/java.util.concurrent.ThreadPoolExecutor$Worker.run(ThreadPoolExecutor.java:628)
	at org.gradle.internal.concurrent.ThreadFactoryImpl$ManagedThreadRunnable.run(ThreadFactoryImpl.java:56)
	at java.base/java.lang.Thread.run(Thread.java:829)
Caused by: org.springframework.beans.factory.BeanCreationException: Error creating bean with name 'userController' defined in file [/Users/y-dejima/Documents/java-framework/src/examples/ch3_1/build/classes/java/main/jp/co/froide/javaframework/controller/UserController.class]: Instantiation of bean failed; nested exception is org.springframework.beans.BeanInstantiationException: Failed to instantiate [jp.co.froide.javaframework.controller.UserController]: Constructor threw exception; nested exception is java.lang.NullPointerException
	at org.springframework.beans.factory.support.AbstractAutowireCapableBeanFactory.instantiateBean(AbstractAutowireCapableBeanFactory.java:1316)
	at org.springframework.beans.factory.support.AbstractAutowireCapableBeanFactory.createBeanInstance(AbstractAutowireCapableBeanFactory.java:1214)
	at org.springframework.beans.factory.support.AbstractAutowireCapableBeanFactory.doCreateBean(AbstractAutowireCapableBeanFactory.java:564)
	at org.springframework.beans.factory.support.AbstractAutowireCapableBeanFactory.createBean(AbstractAutowireCapableBeanFactory.java:524)
	at org.springframework.beans.factory.support.AbstractBeanFactory.lambda$doGetBean$0(AbstractBeanFactory.java:335)
	at org.springframework.beans.factory.support.DefaultSingletonBeanRegistry.getSingleton(DefaultSingletonBeanRegistry.java:234)
	at org.springframework.beans.factory.support.AbstractBeanFactory.doGetBean(AbstractBeanFactory.java:333)
	at org.springframework.beans.factory.support.AbstractBeanFactory.getBean(AbstractBeanFactory.java:208)
	at org.springframework.beans.factory.support.DefaultListableBeanFactory.preInstantiateSingletons(DefaultListableBeanFactory.java:944)
	at org.springframework.context.support.AbstractApplicationContext.finishBeanFactoryInitialization(AbstractApplicationContext.java:918)
	at org.springframework.context.support.AbstractApplicationContext.refresh(AbstractApplicationContext.java:583)
	at org.springframework.boot.SpringApplication.refresh(SpringApplication.java:769)
	at org.springframework.boot.SpringApplication.refresh(SpringApplication.java:761)
	at org.springframework.boot.SpringApplication.refreshContext(SpringApplication.java:426)
	at org.springframework.boot.SpringApplication.run(SpringApplication.java:326)
	at org.springframework.boot.test.context.SpringBootContextLoader.loadContext(SpringBootContextLoader.java:123)
	at org.springframework.test.context.cache.DefaultCacheAwareContextLoaderDelegate.loadContextInternal(DefaultCacheAwareContextLoaderDelegate.java:99)
	at org.springframework.test.context.cache.DefaultCacheAwareContextLoaderDelegate.loadContext(DefaultCacheAwareContextLoaderDelegate.java:124)
	... 88 common frames omitted
Caused by: org.springframework.beans.BeanInstantiationException: Failed to instantiate [jp.co.froide.javaframework.controller.UserController]: Constructor threw exception; nested exception is java.lang.NullPointerException
	at org.springframework.beans.BeanUtils.instantiateClass(BeanUtils.java:225)
	at org.springframework.beans.factory.support.SimpleInstantiationStrategy.instantiate(SimpleInstantiationStrategy.java:87)
	at org.springframework.beans.factory.support.AbstractAutowireCapableBeanFactory.instantiateBean(AbstractAutowireCapableBeanFactory.java:1308)
	... 105 common frames omitted
Caused by: java.lang.NullPointerException: null
	at jp.co.froide.javaframework.controller.UserController.<init>(UserController.java:18)
	at java.base/jdk.internal.reflect.NativeConstructorAccessorImpl.newInstance0(Native Method)
	at java.base/jdk.internal.reflect.NativeConstructorAccessorImpl.newInstance(NativeConstructorAccessorImpl.java:62)
	at java.base/jdk.internal.reflect.DelegatingConstructorAccessorImpl.newInstance(DelegatingConstructorAccessorImpl.java:45)
	at java.base/java.lang.reflect.Constructor.newInstance(Constructor.java:490)
	at org.springframework.beans.BeanUtils.instantiateClass(BeanUtils.java:212)
	... 107 common frames omitted
2021/05/20 15:43:47 INFO  [Test worker] - Starting UserControllerTest using Java 11.0.11 on FNDM55.local with PID 80898 (started by y-dejima in /Users/y-dejima/Documents/java-framework/src/examples/ch3_1)
2021/05/20 15:43:47 INFO  [Test worker] - No active profile set, falling back to default profiles: default
2021/05/20 15:43:47 INFO  [background-preinit] - HV000001: Hibernate Validator 6.1.7.Final
2021/05/20 15:43:49 WARN  [Test worker] - Exception encountered during context initialization - cancelling refresh attempt: org.springframework.beans.factory.BeanCreationException: Error creating bean with name 'userController' defined in file [/Users/y-dejima/Documents/java-framework/src/examples/ch3_1/build/classes/java/main/jp/co/froide/javaframework/controller/UserController.class]: Instantiation of bean failed; nested exception is org.springframework.beans.BeanInstantiationException: Failed to instantiate [jp.co.froide.javaframework.controller.UserController]: Constructor threw exception; nested exception is java.lang.NullPointerException
2021/05/20 15:43:49 INFO  [Test worker] - 

Error starting ApplicationContext. To display the conditions report re-run your application with 'debug' enabled.
2021/05/20 15:43:49 ERROR [Test worker] - Application run failed
org.springframework.beans.factory.BeanCreationException: Error creating bean with name 'userController' defined in file [/Users/y-dejima/Documents/java-framework/src/examples/ch3_1/build/classes/java/main/jp/co/froide/javaframework/controller/UserController.class]: Instantiation of bean failed; nested exception is org.springframework.beans.BeanInstantiationException: Failed to instantiate [jp.co.froide.javaframework.controller.UserController]: Constructor threw exception; nested exception is java.lang.NullPointerException
	at org.springframework.beans.factory.support.AbstractAutowireCapableBeanFactory.instantiateBean(AbstractAutowireCapableBeanFactory.java:1316)
	at org.springframework.beans.factory.support.AbstractAutowireCapableBeanFactory.createBeanInstance(AbstractAutowireCapableBeanFactory.java:1214)
	at org.springframework.beans.factory.support.AbstractAutowireCapableBeanFactory.doCreateBean(AbstractAutowireCapableBeanFactory.java:564)
	at org.springframework.beans.factory.support.AbstractAutowireCapableBeanFactory.createBean(AbstractAutowireCapableBeanFactory.java:524)
	at org.springframework.beans.factory.support.AbstractBeanFactory.lambda$doGetBean$0(AbstractBeanFactory.java:335)
	at org.springframework.beans.factory.support.DefaultSingletonBeanRegistry.getSingleton(DefaultSingletonBeanRegistry.java:234)
	at org.springframework.beans.factory.support.AbstractBeanFactory.doGetBean(AbstractBeanFactory.java:333)
	at org.springframework.beans.factory.support.AbstractBeanFactory.getBean(AbstractBeanFactory.java:208)
	at org.springframework.beans.factory.support.DefaultListableBeanFactory.preInstantiateSingletons(DefaultListableBeanFactory.java:944)
	at org.springframework.context.support.AbstractApplicationContext.finishBeanFactoryInitialization(AbstractApplicationContext.java:918)
	at org.springframework.context.support.AbstractApplicationContext.refresh(AbstractApplicationContext.java:583)
	at org.springframework.boot.SpringApplication.refresh(SpringApplication.java:769)
	at org.springframework.boot.SpringApplication.refresh(SpringApplication.java:761)
	at org.springframework.boot.SpringApplication.refreshContext(SpringApplication.java:426)
	at org.springframework.boot.SpringApplication.run(SpringApplication.java:326)
	at org.springframework.boot.test.context.SpringBootContextLoader.loadContext(SpringBootContextLoader.java:123)
	at org.springframework.test.context.cache.DefaultCacheAwareContextLoaderDelegate.loadContextInternal(DefaultCacheAwareContextLoaderDelegate.java:99)
	at org.springframework.test.context.cache.DefaultCacheAwareContextLoaderDelegate.loadContext(DefaultCacheAwareContextLoaderDelegate.java:124)
	at org.springframework.test.context.support.DefaultTestContext.getApplicationContext(DefaultTestContext.java:124)
	at org.springframework.test.context.web.ServletTestExecutionListener.setUpRequestContextIfNecessary(ServletTestExecutionListener.java:190)
	at org.springframework.test.context.web.ServletTestExecutionListener.prepareTestInstance(ServletTestExecutionListener.java:132)
	at org.springframework.test.context.TestContextManager.prepareTestInstance(TestContextManager.java:244)
	at org.springframework.test.context.junit.jupiter.SpringExtension.postProcessTestInstance(SpringExtension.java:138)
	at org.junit.jupiter.engine.descriptor.ClassTestDescriptor.lambda$invokeTestInstancePostProcessors$5(ClassTestDescriptor.java:349)
	at org.junit.jupiter.engine.descriptor.JupiterTestDescriptor.executeAndMaskThrowable(JupiterTestDescriptor.java:215)
	at org.junit.jupiter.engine.descriptor.ClassTestDescriptor.lambda$invokeTestInstancePostProcessors$6(ClassTestDescriptor.java:349)
	at java.base/java.util.stream.ReferencePipeline$3$1.accept(ReferencePipeline.java:195)
	at java.base/java.util.stream.ReferencePipeline$2$1.accept(ReferencePipeline.java:177)
	at java.base/java.util.ArrayList$ArrayListSpliterator.forEachRemaining(ArrayList.java:1655)
	at java.base/java.util.stream.AbstractPipeline.copyInto(AbstractPipeline.java:484)
	at java.base/java.util.stream.AbstractPipeline.wrapAndCopyInto(AbstractPipeline.java:474)
	at java.base/java.util.stream.StreamSpliterators$WrappingSpliterator.forEachRemaining(StreamSpliterators.java:312)
	at java.base/java.util.stream.Streams$ConcatSpliterator.forEachRemaining(Streams.java:735)
	at java.base/java.util.stream.Streams$ConcatSpliterator.forEachRemaining(Streams.java:734)
	at java.base/java.util.stream.ReferencePipeline$Head.forEach(ReferencePipeline.java:658)
	at org.junit.jupiter.engine.descriptor.ClassTestDescriptor.invokeTestInstancePostProcessors(ClassTestDescriptor.java:348)
	at org.junit.jupiter.engine.descriptor.ClassTestDescriptor.instantiateAndPostProcessTestInstance(ClassTestDescriptor.java:270)
	at org.junit.jupiter.engine.descriptor.ClassTestDescriptor.lambda$testInstanceProvider$2(ClassTestDescriptor.java:259)
	at org.junit.jupiter.engine.descriptor.ClassTestDescriptor.lambda$testInstanceProvider$3(ClassTestDescriptor.java:263)
	at java.base/java.util.Optional.orElseGet(Optional.java:369)
	at org.junit.jupiter.engine.descriptor.ClassTestDescriptor.lambda$testInstanceProvider$4(ClassTestDescriptor.java:262)
	at org.junit.jupiter.engine.descriptor.TestMethodTestDescriptor.prepare(TestMethodTestDescriptor.java:82)
	at org.junit.jupiter.engine.descriptor.TestMethodTestDescriptor.prepare(TestMethodTestDescriptor.java:59)
	at org.junit.platform.engine.support.hierarchical.NodeTestTask.lambda$prepare$1(NodeTestTask.java:111)
	at org.junit.platform.engine.support.hierarchical.ThrowableCollector.execute(ThrowableCollector.java:73)
	at org.junit.platform.engine.support.hierarchical.NodeTestTask.prepare(NodeTestTask.java:111)
	at org.junit.platform.engine.support.hierarchical.NodeTestTask.execute(NodeTestTask.java:79)
	at java.base/java.util.ArrayList.forEach(ArrayList.java:1541)
	at org.junit.platform.engine.support.hierarchical.SameThreadHierarchicalTestExecutorService.invokeAll(SameThreadHierarchicalTestExecutorService.java:38)
	at org.junit.platform.engine.support.hierarchical.NodeTestTask.lambda$executeRecursively$5(NodeTestTask.java:143)
	at org.junit.platform.engine.support.hierarchical.ThrowableCollector.execute(ThrowableCollector.java:73)
	at org.junit.platform.engine.support.hierarchical.NodeTestTask.lambda$executeRecursively$7(NodeTestTask.java:129)
	at org.junit.platform.engine.support.hierarchical.Node.around(Node.java:137)
	at org.junit.platform.engine.support.hierarchical.NodeTestTask.lambda$executeRecursively$8(NodeTestTask.java:127)
	at org.junit.platform.engine.support.hierarchical.ThrowableCollector.execute(ThrowableCollector.java:73)
	at org.junit.platform.engine.support.hierarchical.NodeTestTask.executeRecursively(NodeTestTask.java:126)
	at org.junit.platform.engine.support.hierarchical.NodeTestTask.execute(NodeTestTask.java:84)
	at java.base/java.util.ArrayList.forEach(ArrayList.java:1541)
	at org.junit.platform.engine.support.hierarchical.SameThreadHierarchicalTestExecutorService.invokeAll(SameThreadHierarchicalTestExecutorService.java:38)
	at org.junit.platform.engine.support.hierarchical.NodeTestTask.lambda$executeRecursively$5(NodeTestTask.java:143)
	at org.junit.platform.engine.support.hierarchical.ThrowableCollector.execute(ThrowableCollector.java:73)
	at org.junit.platform.engine.support.hierarchical.NodeTestTask.lambda$executeRecursively$7(NodeTestTask.java:129)
	at org.junit.platform.engine.support.hierarchical.Node.around(Node.java:137)
	at org.junit.platform.engine.support.hierarchical.NodeTestTask.lambda$executeRecursively$8(NodeTestTask.java:127)
	at org.junit.platform.engine.support.hierarchical.ThrowableCollector.execute(ThrowableCollector.java:73)
	at org.junit.platform.engine.support.hierarchical.NodeTestTask.executeRecursively(NodeTestTask.java:126)
	at org.junit.platform.engine.support.hierarchical.NodeTestTask.execute(NodeTestTask.java:84)
	at org.junit.platform.engine.support.hierarchical.SameThreadHierarchicalTestExecutorService.submit(SameThreadHierarchicalTestExecutorService.java:32)
	at org.junit.platform.engine.support.hierarchical.HierarchicalTestExecutor.execute(HierarchicalTestExecutor.java:57)
	at org.junit.platform.engine.support.hierarchical.HierarchicalTestEngine.execute(HierarchicalTestEngine.java:51)
	at org.junit.platform.launcher.core.EngineExecutionOrchestrator.execute(EngineExecutionOrchestrator.java:108)
	at org.junit.platform.launcher.core.EngineExecutionOrchestrator.execute(EngineExecutionOrchestrator.java:88)
	at org.junit.platform.launcher.core.EngineExecutionOrchestrator.lambda$execute$0(EngineExecutionOrchestrator.java:54)
	at org.junit.platform.launcher.core.EngineExecutionOrchestrator.withInterceptedStreams(EngineExecutionOrchestrator.java:67)
	at org.junit.platform.launcher.core.EngineExecutionOrchestrator.execute(EngineExecutionOrchestrator.java:52)
	at org.junit.platform.launcher.core.DefaultLauncher.execute(DefaultLauncher.java:96)
	at org.junit.platform.launcher.core.DefaultLauncher.execute(DefaultLauncher.java:75)
	at org.gradle.api.internal.tasks.testing.junitplatform.JUnitPlatformTestClassProcessor$CollectAllTestClassesExecutor.processAllTestClasses(JUnitPlatformTestClassProcessor.java:99)
	at org.gradle.api.internal.tasks.testing.junitplatform.JUnitPlatformTestClassProcessor$CollectAllTestClassesExecutor.access$000(JUnitPlatformTestClassProcessor.java:79)
	at org.gradle.api.internal.tasks.testing.junitplatform.JUnitPlatformTestClassProcessor.stop(JUnitPlatformTestClassProcessor.java:75)
	at org.gradle.api.internal.tasks.testing.SuiteTestClassProcessor.stop(SuiteTestClassProcessor.java:61)
	at java.base/jdk.internal.reflect.NativeMethodAccessorImpl.invoke0(Native Method)
	at java.base/jdk.internal.reflect.NativeMethodAccessorImpl.invoke(NativeMethodAccessorImpl.java:62)
	at java.base/jdk.internal.reflect.DelegatingMethodAccessorImpl.invoke(DelegatingMethodAccessorImpl.java:43)
	at java.base/java.lang.reflect.Method.invoke(Method.java:566)
	at org.gradle.internal.dispatch.ReflectionDispatch.dispatch(ReflectionDispatch.java:36)
	at org.gradle.internal.dispatch.ReflectionDispatch.dispatch(ReflectionDispatch.java:24)
	at org.gradle.internal.dispatch.ContextClassLoaderDispatch.dispatch(ContextClassLoaderDispatch.java:33)
	at org.gradle.internal.dispatch.ProxyDispatchAdapter$DispatchingInvocationHandler.invoke(ProxyDispatchAdapter.java:94)
	at com.sun.proxy.$Proxy2.stop(Unknown Source)
	at org.gradle.api.internal.tasks.testing.worker.TestWorker.stop(TestWorker.java:133)
	at java.base/jdk.internal.reflect.NativeMethodAccessorImpl.invoke0(Native Method)
	at java.base/jdk.internal.reflect.NativeMethodAccessorImpl.invoke(NativeMethodAccessorImpl.java:62)
	at java.base/jdk.internal.reflect.DelegatingMethodAccessorImpl.invoke(DelegatingMethodAccessorImpl.java:43)
	at java.base/java.lang.reflect.Method.invoke(Method.java:566)
	at org.gradle.internal.dispatch.ReflectionDispatch.dispatch(ReflectionDispatch.java:36)
	at org.gradle.internal.dispatch.ReflectionDispatch.dispatch(ReflectionDispatch.java:24)
	at org.gradle.internal.remote.internal.hub.MessageHubBackedObjectConnection$DispatchWrapper.dispatch(MessageHubBackedObjectConnection.java:182)
	at org.gradle.internal.remote.internal.hub.MessageHubBackedObjectConnection$DispatchWrapper.dispatch(MessageHubBackedObjectConnection.java:164)
	at org.gradle.internal.remote.internal.hub.MessageHub$Handler.run(MessageHub.java:414)
	at org.gradle.internal.concurrent.ExecutorPolicy$CatchAndRecordFailures.onExecute(ExecutorPolicy.java:64)
	at org.gradle.internal.concurrent.ManagedExecutorImpl$1.run(ManagedExecutorImpl.java:48)
	at java.base/java.util.concurrent.ThreadPoolExecutor.runWorker(ThreadPoolExecutor.java:1128)
	at java.base/java.util.concurrent.ThreadPoolExecutor$Worker.run(ThreadPoolExecutor.java:628)
	at org.gradle.internal.concurrent.ThreadFactoryImpl$ManagedThreadRunnable.run(ThreadFactoryImpl.java:56)
	at java.base/java.lang.Thread.run(Thread.java:829)
Caused by: org.springframework.beans.BeanInstantiationException: Failed to instantiate [jp.co.froide.javaframework.controller.UserController]: Constructor threw exception; nested exception is java.lang.NullPointerException
	at org.springframework.beans.BeanUtils.instantiateClass(BeanUtils.java:225)
	at org.springframework.beans.factory.support.SimpleInstantiationStrategy.instantiate(SimpleInstantiationStrategy.java:87)
	at org.springframework.beans.factory.support.AbstractAutowireCapableBeanFactory.instantiateBean(AbstractAutowireCapableBeanFactory.java:1308)
	... 105 common frames omitted
Caused by: java.lang.NullPointerException: null
	at jp.co.froide.javaframework.controller.UserController.<init>(UserController.java:18)
	at java.base/jdk.internal.reflect.NativeConstructorAccessorImpl.newInstance0(Native Method)
	at java.base/jdk.internal.reflect.NativeConstructorAccessorImpl.newInstance(NativeConstructorAccessorImpl.java:62)
	at java.base/jdk.internal.reflect.DelegatingConstructorAccessorImpl.newInstance(DelegatingConstructorAccessorImpl.java:45)
	at java.base/java.lang.reflect.Constructor.newInstance(Constructor.java:490)
	at org.springframework.beans.BeanUtils.instantiateClass(BeanUtils.java:212)
	... 107 common frames omitted
2021/05/20 15:43:49 ERROR [Test worker] - Caught exception while allowing TestExecutionListener [org.springframework.test.context.web.ServletTestExecutionListener@8a6fddb] to prepare test instance [jp.co.froide.javaframework.controller.UserControllerTest@3c620cfe]
java.lang.IllegalStateException: Failed to load ApplicationContext
	at org.springframework.test.context.cache.DefaultCacheAwareContextLoaderDelegate.loadContext(DefaultCacheAwareContextLoaderDelegate.java:132)
	at org.springframework.test.context.support.DefaultTestContext.getApplicationContext(DefaultTestContext.java:124)
	at org.springframework.test.context.web.ServletTestExecutionListener.setUpRequestContextIfNecessary(ServletTestExecutionListener.java:190)
	at org.springframework.test.context.web.ServletTestExecutionListener.prepareTestInstance(ServletTestExecutionListener.java:132)
	at org.springframework.test.context.TestContextManager.prepareTestInstance(TestContextManager.java:244)
	at org.springframework.test.context.junit.jupiter.SpringExtension.postProcessTestInstance(SpringExtension.java:138)
	at org.junit.jupiter.engine.descriptor.ClassTestDescriptor.lambda$invokeTestInstancePostProcessors$5(ClassTestDescriptor.java:349)
	at org.junit.jupiter.engine.descriptor.JupiterTestDescriptor.executeAndMaskThrowable(JupiterTestDescriptor.java:215)
	at org.junit.jupiter.engine.descriptor.ClassTestDescriptor.lambda$invokeTestInstancePostProcessors$6(ClassTestDescriptor.java:349)
	at java.base/java.util.stream.ReferencePipeline$3$1.accept(ReferencePipeline.java:195)
	at java.base/java.util.stream.ReferencePipeline$2$1.accept(ReferencePipeline.java:177)
	at java.base/java.util.ArrayList$ArrayListSpliterator.forEachRemaining(ArrayList.java:1655)
	at java.base/java.util.stream.AbstractPipeline.copyInto(AbstractPipeline.java:484)
	at java.base/java.util.stream.AbstractPipeline.wrapAndCopyInto(AbstractPipeline.java:474)
	at java.base/java.util.stream.StreamSpliterators$WrappingSpliterator.forEachRemaining(StreamSpliterators.java:312)
	at java.base/java.util.stream.Streams$ConcatSpliterator.forEachRemaining(Streams.java:735)
	at java.base/java.util.stream.Streams$ConcatSpliterator.forEachRemaining(Streams.java:734)
	at java.base/java.util.stream.ReferencePipeline$Head.forEach(ReferencePipeline.java:658)
	at org.junit.jupiter.engine.descriptor.ClassTestDescriptor.invokeTestInstancePostProcessors(ClassTestDescriptor.java:348)
	at org.junit.jupiter.engine.descriptor.ClassTestDescriptor.instantiateAndPostProcessTestInstance(ClassTestDescriptor.java:270)
	at org.junit.jupiter.engine.descriptor.ClassTestDescriptor.lambda$testInstanceProvider$2(ClassTestDescriptor.java:259)
	at org.junit.jupiter.engine.descriptor.ClassTestDescriptor.lambda$testInstanceProvider$3(ClassTestDescriptor.java:263)
	at java.base/java.util.Optional.orElseGet(Optional.java:369)
	at org.junit.jupiter.engine.descriptor.ClassTestDescriptor.lambda$testInstanceProvider$4(ClassTestDescriptor.java:262)
	at org.junit.jupiter.engine.descriptor.TestMethodTestDescriptor.prepare(TestMethodTestDescriptor.java:82)
	at org.junit.jupiter.engine.descriptor.TestMethodTestDescriptor.prepare(TestMethodTestDescriptor.java:59)
	at org.junit.platform.engine.support.hierarchical.NodeTestTask.lambda$prepare$1(NodeTestTask.java:111)
	at org.junit.platform.engine.support.hierarchical.ThrowableCollector.execute(ThrowableCollector.java:73)
	at org.junit.platform.engine.support.hierarchical.NodeTestTask.prepare(NodeTestTask.java:111)
	at org.junit.platform.engine.support.hierarchical.NodeTestTask.execute(NodeTestTask.java:79)
	at java.base/java.util.ArrayList.forEach(ArrayList.java:1541)
	at org.junit.platform.engine.support.hierarchical.SameThreadHierarchicalTestExecutorService.invokeAll(SameThreadHierarchicalTestExecutorService.java:38)
	at org.junit.platform.engine.support.hierarchical.NodeTestTask.lambda$executeRecursively$5(NodeTestTask.java:143)
	at org.junit.platform.engine.support.hierarchical.ThrowableCollector.execute(ThrowableCollector.java:73)
	at org.junit.platform.engine.support.hierarchical.NodeTestTask.lambda$executeRecursively$7(NodeTestTask.java:129)
	at org.junit.platform.engine.support.hierarchical.Node.around(Node.java:137)
	at org.junit.platform.engine.support.hierarchical.NodeTestTask.lambda$executeRecursively$8(NodeTestTask.java:127)
	at org.junit.platform.engine.support.hierarchical.ThrowableCollector.execute(ThrowableCollector.java:73)
	at org.junit.platform.engine.support.hierarchical.NodeTestTask.executeRecursively(NodeTestTask.java:126)
	at org.junit.platform.engine.support.hierarchical.NodeTestTask.execute(NodeTestTask.java:84)
	at java.base/java.util.ArrayList.forEach(ArrayList.java:1541)
	at org.junit.platform.engine.support.hierarchical.SameThreadHierarchicalTestExecutorService.invokeAll(SameThreadHierarchicalTestExecutorService.java:38)
	at org.junit.platform.engine.support.hierarchical.NodeTestTask.lambda$executeRecursively$5(NodeTestTask.java:143)
	at org.junit.platform.engine.support.hierarchical.ThrowableCollector.execute(ThrowableCollector.java:73)
	at org.junit.platform.engine.support.hierarchical.NodeTestTask.lambda$executeRecursively$7(NodeTestTask.java:129)
	at org.junit.platform.engine.support.hierarchical.Node.around(Node.java:137)
	at org.junit.platform.engine.support.hierarchical.NodeTestTask.lambda$executeRecursively$8(NodeTestTask.java:127)
	at org.junit.platform.engine.support.hierarchical.ThrowableCollector.execute(ThrowableCollector.java:73)
	at org.junit.platform.engine.support.hierarchical.NodeTestTask.executeRecursively(NodeTestTask.java:126)
	at org.junit.platform.engine.support.hierarchical.NodeTestTask.execute(NodeTestTask.java:84)
	at org.junit.platform.engine.support.hierarchical.SameThreadHierarchicalTestExecutorService.submit(SameThreadHierarchicalTestExecutorService.java:32)
	at org.junit.platform.engine.support.hierarchical.HierarchicalTestExecutor.execute(HierarchicalTestExecutor.java:57)
	at org.junit.platform.engine.support.hierarchical.HierarchicalTestEngine.execute(HierarchicalTestEngine.java:51)
	at org.junit.platform.launcher.core.EngineExecutionOrchestrator.execute(EngineExecutionOrchestrator.java:108)
	at org.junit.platform.launcher.core.EngineExecutionOrchestrator.execute(EngineExecutionOrchestrator.java:88)
	at org.junit.platform.launcher.core.EngineExecutionOrchestrator.lambda$execute$0(EngineExecutionOrchestrator.java:54)
	at org.junit.platform.launcher.core.EngineExecutionOrchestrator.withInterceptedStreams(EngineExecutionOrchestrator.java:67)
	at org.junit.platform.launcher.core.EngineExecutionOrchestrator.execute(EngineExecutionOrchestrator.java:52)
	at org.junit.platform.launcher.core.DefaultLauncher.execute(DefaultLauncher.java:96)
	at org.junit.platform.launcher.core.DefaultLauncher.execute(DefaultLauncher.java:75)
	at org.gradle.api.internal.tasks.testing.junitplatform.JUnitPlatformTestClassProcessor$CollectAllTestClassesExecutor.processAllTestClasses(JUnitPlatformTestClassProcessor.java:99)
	at org.gradle.api.internal.tasks.testing.junitplatform.JUnitPlatformTestClassProcessor$CollectAllTestClassesExecutor.access$000(JUnitPlatformTestClassProcessor.java:79)
	at org.gradle.api.internal.tasks.testing.junitplatform.JUnitPlatformTestClassProcessor.stop(JUnitPlatformTestClassProcessor.java:75)
	at org.gradle.api.internal.tasks.testing.SuiteTestClassProcessor.stop(SuiteTestClassProcessor.java:61)
	at java.base/jdk.internal.reflect.NativeMethodAccessorImpl.invoke0(Native Method)
	at java.base/jdk.internal.reflect.NativeMethodAccessorImpl.invoke(NativeMethodAccessorImpl.java:62)
	at java.base/jdk.internal.reflect.DelegatingMethodAccessorImpl.invoke(DelegatingMethodAccessorImpl.java:43)
	at java.base/java.lang.reflect.Method.invoke(Method.java:566)
	at org.gradle.internal.dispatch.ReflectionDispatch.dispatch(ReflectionDispatch.java:36)
	at org.gradle.internal.dispatch.ReflectionDispatch.dispatch(ReflectionDispatch.java:24)
	at org.gradle.internal.dispatch.ContextClassLoaderDispatch.dispatch(ContextClassLoaderDispatch.java:33)
	at org.gradle.internal.dispatch.ProxyDispatchAdapter$DispatchingInvocationHandler.invoke(ProxyDispatchAdapter.java:94)
	at com.sun.proxy.$Proxy2.stop(Unknown Source)
	at org.gradle.api.internal.tasks.testing.worker.TestWorker.stop(TestWorker.java:133)
	at java.base/jdk.internal.reflect.NativeMethodAccessorImpl.invoke0(Native Method)
	at java.base/jdk.internal.reflect.NativeMethodAccessorImpl.invoke(NativeMethodAccessorImpl.java:62)
	at java.base/jdk.internal.reflect.DelegatingMethodAccessorImpl.invoke(DelegatingMethodAccessorImpl.java:43)
	at java.base/java.lang.reflect.Method.invoke(Method.java:566)
	at org.gradle.internal.dispatch.ReflectionDispatch.dispatch(ReflectionDispatch.java:36)
	at org.gradle.internal.dispatch.ReflectionDispatch.dispatch(ReflectionDispatch.java:24)
	at org.gradle.internal.remote.internal.hub.MessageHubBackedObjectConnection$DispatchWrapper.dispatch(MessageHubBackedObjectConnection.java:182)
	at org.gradle.internal.remote.internal.hub.MessageHubBackedObjectConnection$DispatchWrapper.dispatch(MessageHubBackedObjectConnection.java:164)
	at org.gradle.internal.remote.internal.hub.MessageHub$Handler.run(MessageHub.java:414)
	at org.gradle.internal.concurrent.ExecutorPolicy$CatchAndRecordFailures.onExecute(ExecutorPolicy.java:64)
	at org.gradle.internal.concurrent.ManagedExecutorImpl$1.run(ManagedExecutorImpl.java:48)
	at java.base/java.util.concurrent.ThreadPoolExecutor.runWorker(ThreadPoolExecutor.java:1128)
	at java.base/java.util.concurrent.ThreadPoolExecutor$Worker.run(ThreadPoolExecutor.java:628)
	at org.gradle.internal.concurrent.ThreadFactoryImpl$ManagedThreadRunnable.run(ThreadFactoryImpl.java:56)
	at java.base/java.lang.Thread.run(Thread.java:829)
Caused by: org.springframework.beans.factory.BeanCreationException: Error creating bean with name 'userController' defined in file [/Users/y-dejima/Documents/java-framework/src/examples/ch3_1/build/classes/java/main/jp/co/froide/javaframework/controller/UserController.class]: Instantiation of bean failed; nested exception is org.springframework.beans.BeanInstantiationException: Failed to instantiate [jp.co.froide.javaframework.controller.UserController]: Constructor threw exception; nested exception is java.lang.NullPointerException
	at org.springframework.beans.factory.support.AbstractAutowireCapableBeanFactory.instantiateBean(AbstractAutowireCapableBeanFactory.java:1316)
	at org.springframework.beans.factory.support.AbstractAutowireCapableBeanFactory.createBeanInstance(AbstractAutowireCapableBeanFactory.java:1214)
	at org.springframework.beans.factory.support.AbstractAutowireCapableBeanFactory.doCreateBean(AbstractAutowireCapableBeanFactory.java:564)
	at org.springframework.beans.factory.support.AbstractAutowireCapableBeanFactory.createBean(AbstractAutowireCapableBeanFactory.java:524)
	at org.springframework.beans.factory.support.AbstractBeanFactory.lambda$doGetBean$0(AbstractBeanFactory.java:335)
	at org.springframework.beans.factory.support.DefaultSingletonBeanRegistry.getSingleton(DefaultSingletonBeanRegistry.java:234)
	at org.springframework.beans.factory.support.AbstractBeanFactory.doGetBean(AbstractBeanFactory.java:333)
	at org.springframework.beans.factory.support.AbstractBeanFactory.getBean(AbstractBeanFactory.java:208)
	at org.springframework.beans.factory.support.DefaultListableBeanFactory.preInstantiateSingletons(DefaultListableBeanFactory.java:944)
	at org.springframework.context.support.AbstractApplicationContext.finishBeanFactoryInitialization(AbstractApplicationContext.java:918)
	at org.springframework.context.support.AbstractApplicationContext.refresh(AbstractApplicationContext.java:583)
	at org.springframework.boot.SpringApplication.refresh(SpringApplication.java:769)
	at org.springframework.boot.SpringApplication.refresh(SpringApplication.java:761)
	at org.springframework.boot.SpringApplication.refreshContext(SpringApplication.java:426)
	at org.springframework.boot.SpringApplication.run(SpringApplication.java:326)
	at org.springframework.boot.test.context.SpringBootContextLoader.loadContext(SpringBootContextLoader.java:123)
	at org.springframework.test.context.cache.DefaultCacheAwareContextLoaderDelegate.loadContextInternal(DefaultCacheAwareContextLoaderDelegate.java:99)
	at org.springframework.test.context.cache.DefaultCacheAwareContextLoaderDelegate.loadContext(DefaultCacheAwareContextLoaderDelegate.java:124)
	... 88 common frames omitted
Caused by: org.springframework.beans.BeanInstantiationException: Failed to instantiate [jp.co.froide.javaframework.controller.UserController]: Constructor threw exception; nested exception is java.lang.NullPointerException
	at org.springframework.beans.BeanUtils.instantiateClass(BeanUtils.java:225)
	at org.springframework.beans.factory.support.SimpleInstantiationStrategy.instantiate(SimpleInstantiationStrategy.java:87)
	at org.springframework.beans.factory.support.AbstractAutowireCapableBeanFactory.instantiateBean(AbstractAutowireCapableBeanFactory.java:1308)
	... 105 common frames omitted
Caused by: java.lang.NullPointerException: null
	at jp.co.froide.javaframework.controller.UserController.<init>(UserController.java:18)
	at java.base/jdk.internal.reflect.NativeConstructorAccessorImpl.newInstance0(Native Method)
	at java.base/jdk.internal.reflect.NativeConstructorAccessorImpl.newInstance(NativeConstructorAccessorImpl.java:62)
	at java.base/jdk.internal.reflect.DelegatingConstructorAccessorImpl.newInstance(DelegatingConstructorAccessorImpl.java:45)
	at java.base/java.lang.reflect.Constructor.newInstance(Constructor.java:490)
	at org.springframework.beans.BeanUtils.instantiateClass(BeanUtils.java:212)
	... 107 common frames omitted
2021/05/20 15:44:55 INFO  [background-preinit] - HV000001: Hibernate Validator 6.1.7.Final
2021/05/20 15:44:55 INFO  [Test worker] - Starting UserControllerTest using Java 11.0.11 on FNDM55.local with PID 80912 (started by y-dejima in /Users/y-dejima/Documents/java-framework/src/examples/ch3_1)
2021/05/20 15:44:55 INFO  [Test worker] - No active profile set, falling back to default profiles: default
2021/05/20 15:44:58 INFO  [Test worker] - Initializing ExecutorService 'applicationTaskExecutor'
2021/05/20 15:44:59 INFO  [Test worker] - HikariPool-1 - Starting...
2021/05/20 15:44:59 INFO  [Test worker] - HikariPool-1 - Start completed.
2021/05/20 15:45:00 INFO  [Test worker] - Started UserControllerTest in 5.032 seconds (JVM running for 6.917)
2021/05/20 15:45:01 INFO  [Test worker] - Initializing Spring TestDispatcherServlet ''
2021/05/20 15:45:01 INFO  [Test worker] - Initializing Servlet ''
2021/05/20 15:45:01 INFO  [Test worker] - Completed initialization in 0 ms
2021/05/20 15:45:01 INFO  [SpringContextShutdownHook] - Shutting down ExecutorService 'applicationTaskExecutor'
2021/05/20 15:45:01 INFO  [SpringContextShutdownHook] - HikariPool-1 - Shutdown initiated...
2021/05/20 15:45:01 INFO  [SpringContextShutdownHook] - HikariPool-1 - Shutdown completed.
2021/05/20 16:05:41 INFO  [SpringContextShutdownHook] - Shutting down ExecutorService 'applicationTaskExecutor'
2021/05/20 16:05:41 INFO  [SpringContextShutdownHook] - HikariPool-1 - Shutdown initiated...
2021/05/20 16:05:41 INFO  [SpringContextShutdownHook] - HikariPool-1 - Shutdown completed.
2021/05/20 16:32:54 INFO  [background-preinit] - HV000001: Hibernate Validator 6.1.7.Final
2021/05/20 16:32:54 INFO  [main] - Starting Application using Java 11.0.11 on FNDM55.local with PID 81935 (/Users/y-dejima/Documents/java-framework/src/examples/ch3_1/build/classes/java/main started by y-dejima in /Users/y-dejima/Documents/java-framework/src/examples/ch3_1)
2021/05/20 16:32:54 INFO  [main] - No active profile set, falling back to default profiles: default
2021/05/20 16:32:57 INFO  [main] - Tomcat initialized with port(s): 8080 (http)
2021/05/20 16:32:57 INFO  [main] - Initializing ProtocolHandler ["http-nio-8080"]
2021/05/20 16:32:57 INFO  [main] - Starting service [Tomcat]
2021/05/20 16:32:57 INFO  [main] - Starting Servlet engine: [Apache Tomcat/9.0.44]
2021/05/20 16:32:57 INFO  [main] - Root WebApplicationContext: initialization completed in 2702 ms
2021/05/20 16:32:58 INFO  [main] - Initializing ExecutorService 'applicationTaskExecutor'
2021/05/20 16:32:58 INFO  [main] - HikariPool-1 - Starting...
2021/05/20 16:32:59 INFO  [main] - HikariPool-1 - Start completed.
2021/05/20 16:32:59 INFO  [main] - Tomcat started on port(s): 8080 (http) with context path ''
2021/05/20 16:32:59 INFO  [main] - Started Application in 6.046 seconds (JVM running for 6.916)
2021/05/20 16:32:59 INFO  [SpringContextShutdownHook] - Shutting down ExecutorService 'applicationTaskExecutor'
2021/05/20 16:32:59 INFO  [SpringContextShutdownHook] - HikariPool-1 - Shutdown initiated...
2021/05/20 16:32:59 INFO  [SpringContextShutdownHook] - HikariPool-1 - Shutdown completed.
2021/05/20 16:33:04 INFO  [background-preinit] - HV000001: Hibernate Validator 6.1.7.Final
2021/05/20 16:33:04 INFO  [main] - Starting Application using Java 11.0.11 on FNDM55.local with PID 81938 (/Users/y-dejima/Documents/java-framework/src/examples/ch3_1/build/classes/java/main started by y-dejima in /Users/y-dejima/Documents/java-framework/src/examples/ch3_1)
2021/05/20 16:33:04 INFO  [main] - No active profile set, falling back to default profiles: default
2021/05/20 16:33:06 INFO  [main] - Tomcat initialized with port(s): 8080 (http)
2021/05/20 16:33:06 INFO  [main] - Initializing ProtocolHandler ["http-nio-8080"]
2021/05/20 16:33:06 INFO  [main] - Starting service [Tomcat]
2021/05/20 16:33:06 INFO  [main] - Starting Servlet engine: [Apache Tomcat/9.0.44]
2021/05/20 16:33:06 INFO  [main] - Initializing Spring embedded WebApplicationContext
2021/05/20 16:33:06 INFO  [main] - Root WebApplicationContext: initialization completed in 2048 ms
2021/05/20 16:33:07 INFO  [main] - Initializing ExecutorService 'applicationTaskExecutor'
2021/05/20 16:33:07 INFO  [main] - HikariPool-1 - Starting...
2021/05/20 16:33:08 INFO  [main] - HikariPool-1 - Start completed.
2021/05/20 16:33:08 INFO  [main] - Starting ProtocolHandler ["http-nio-8080"]
2021/05/20 16:33:08 INFO  [main] - Tomcat started on port(s): 8080 (http) with context path ''
2021/05/20 16:33:08 INFO  [main] - Started Application in 4.526 seconds (JVM running for 5.363)
2021/05/20 16:34:08 INFO  [Test worker] - Starting UserControllerTest using Java 11.0.11 on FNDM55.local with PID 81948 (started by y-dejima in /Users/y-dejima/Documents/java-framework/src/examples/ch3_1)
2021/05/20 16:34:08 INFO  [background-preinit] - HV000001: Hibernate Validator 6.1.7.Final
2021/05/20 16:34:08 INFO  [Test worker] - No active profile set, falling back to default profiles: default
2021/05/20 16:34:11 INFO  [Test worker] - Initializing ExecutorService 'applicationTaskExecutor'
2021/05/20 16:34:11 INFO  [Test worker] - HikariPool-1 - Starting...
2021/05/20 16:34:12 INFO  [Test worker] - HikariPool-1 - Start completed.
2021/05/20 16:34:12 INFO  [Test worker] - Started UserControllerTest in 5.393 seconds (JVM running for 7.746)
2021/05/20 16:34:13 INFO  [Test worker] - Initializing Spring TestDispatcherServlet ''
2021/05/20 16:34:13 INFO  [Test worker] - Initializing Servlet ''
2021/05/20 16:34:13 INFO  [Test worker] - Completed initialization in 0 ms
2021/05/20 16:34:14 WARN  [Test worker] - No mapping for GET /users
2021/05/20 16:34:14 INFO  [SpringContextShutdownHook] - Shutting down ExecutorService 'applicationTaskExecutor'
2021/05/20 16:34:14 INFO  [SpringContextShutdownHook] - HikariPool-1 - Shutdown initiated...
2021/05/20 16:34:14 INFO  [SpringContextShutdownHook] - HikariPool-1 - Shutdown completed.
2021/05/20 16:34:50 INFO  [Test worker] - Starting UserControllerTest using Java 11.0.11 on FNDM55.local with PID 81956 (started by y-dejima in /Users/y-dejima/Documents/java-framework/src/examples/ch3_1)
2021/05/20 16:34:50 INFO  [Test worker] - No active profile set, falling back to default profiles: default
2021/05/20 16:34:50 INFO  [background-preinit] - HV000001: Hibernate Validator 6.1.7.Final
2021/05/20 16:34:53 INFO  [Test worker] - Initializing ExecutorService 'applicationTaskExecutor'
2021/05/20 16:34:54 INFO  [Test worker] - HikariPool-1 - Starting...
2021/05/20 16:34:54 INFO  [Test worker] - HikariPool-1 - Start completed.
2021/05/20 16:34:55 INFO  [Test worker] - Started UserControllerTest in 5.495 seconds (JVM running for 7.537)
2021/05/20 16:34:56 INFO  [Test worker] - Initializing Spring TestDispatcherServlet ''
2021/05/20 16:34:56 INFO  [Test worker] - Initializing Servlet ''
2021/05/20 16:34:56 INFO  [Test worker] - Completed initialization in 1 ms
2021/05/20 16:34:56 INFO  [SpringContextShutdownHook] - Shutting down ExecutorService 'applicationTaskExecutor'
2021/05/20 16:34:56 INFO  [SpringContextShutdownHook] - HikariPool-1 - Shutdown initiated...
2021/05/20 16:34:56 INFO  [SpringContextShutdownHook] - HikariPool-1 - Shutdown completed.
2021/05/20 17:25:02 INFO  [background-preinit] - HV000001: Hibernate Validator 6.1.7.Final
2021/05/20 17:25:02 INFO  [Test worker] - Starting UserControllerTest using Java 11.0.11 on FNDM55.local with PID 82465 (started by y-dejima in /Users/y-dejima/Documents/java-framework/src/examples/ch3_1)
2021/05/20 17:25:02 INFO  [Test worker] - No active profile set, falling back to default profiles: default
2021/05/20 17:25:05 INFO  [Test worker] - Initializing ExecutorService 'applicationTaskExecutor'
2021/05/20 17:25:05 INFO  [Test worker] - HikariPool-1 - Starting...
2021/05/20 17:25:06 INFO  [Test worker] - HikariPool-1 - Start completed.
2021/05/20 17:25:06 INFO  [Test worker] - Started UserControllerTest in 5.481 seconds (JVM running for 7.578)
2021/05/20 17:25:08 INFO  [Test worker] - Initializing Spring TestDispatcherServlet ''
2021/05/20 17:25:08 INFO  [Test worker] - Initializing Servlet ''
2021/05/20 17:25:08 INFO  [Test worker] - Completed initialization in 1 ms
2021/05/20 17:25:08 INFO  [Test worker] - Initializing Spring TestDispatcherServlet ''
2021/05/20 17:25:08 INFO  [Test worker] - Initializing Servlet ''
2021/05/20 17:25:08 INFO  [Test worker] - Completed initialization in 0 ms
2021/05/20 17:25:08 INFO  [SpringContextShutdownHook] - Shutting down ExecutorService 'applicationTaskExecutor'
2021/05/20 17:25:08 INFO  [SpringContextShutdownHook] - HikariPool-1 - Shutdown initiated...
2021/05/20 17:25:08 INFO  [SpringContextShutdownHook] - HikariPool-1 - Shutdown completed.
2021/05/20 17:31:26 INFO  [SpringContextShutdownHook] - Shutting down ExecutorService 'applicationTaskExecutor'
2021/05/20 17:31:26 INFO  [SpringContextShutdownHook] - HikariPool-1 - Shutdown initiated...
2021/05/20 17:31:26 INFO  [SpringContextShutdownHook] - HikariPool-1 - Shutdown completed.
